Using pre-set license
Built from '2021.3/staging' branch; Version is '2021.3.25f1 (68ef2c4f8861) revision 6876972'; Using compiler version '192829333'; Build Type 'Release'
OS: 'Windows 11  (10.0.22621) 64bit CoreSingleLanguage' Language: 'en' Physical Memory: 16119 MB
BatchMode: 1, IsHumanControllingUs: 0, StartBugReporterOnCrash: 0, Is64bit: 1, IsPro: 1

COMMAND LINE ARGUMENTS:
C:\Program Files\Unity\Hub\Editor\2021.3.25f1\Editor\Unity.exe
-adb2
-batchMode
-noUpm
-name
AssetImportWorker4
-projectPath
D:/Unity Projects/3D Fighter Jet/Fighter-Jet-3D/3D Fighter Jet
-logFile
Logs/AssetImportWorker4.log
-srvPort
55172
Successfully changed project path to: D:/Unity Projects/3D Fighter Jet/Fighter-Jet-3D/3D Fighter Jet
D:/Unity Projects/3D Fighter Jet/Fighter-Jet-3D/3D Fighter Jet
[UnityMemory] Configuration Parameters - Can be set up in boot.config
    "memorysetup-bucket-allocator-granularity=16"
    "memorysetup-bucket-allocator-bucket-count=8"
    "memorysetup-bucket-allocator-block-size=33554432"
    "memorysetup-bucket-allocator-block-count=8"
    "memorysetup-main-allocator-block-size=16777216"
    "memorysetup-thread-allocator-block-size=16777216"
    "memorysetup-gfx-main-allocator-block-size=16777216"
    "memorysetup-gfx-thread-allocator-block-size=16777216"
    "memorysetup-cache-allocator-block-size=4194304"
    "memorysetup-typetree-allocator-block-size=2097152"
    "memorysetup-profiler-bucket-allocator-granularity=16"
    "memorysetup-profiler-bucket-allocator-bucket-count=8"
    "memorysetup-profiler-bucket-allocator-block-size=33554432"
    "memorysetup-profiler-bucket-allocator-block-count=8"
    "memorysetup-profiler-allocator-block-size=16777216"
    "memorysetup-profiler-editor-allocator-block-size=1048576"
    "memorysetup-temp-allocator-size-main=16777216"
    "memorysetup-job-temp-allocator-block-size=2097152"
    "memorysetup-job-temp-allocator-block-size-background=1048576"
    "memorysetup-job-temp-allocator-reduction-small-platforms=262144"
    "memorysetup-temp-allocator-size-background-worker=32768"
    "memorysetup-temp-allocator-size-job-worker=262144"
    "memorysetup-temp-allocator-size-preload-manager=33554432"
    "memorysetup-temp-allocator-size-nav-mesh-worker=65536"
    "memorysetup-temp-allocator-size-audio-worker=65536"
    "memorysetup-temp-allocator-size-cloud-worker=32768"
    "memorysetup-temp-allocator-size-gi-baking-worker=262144"
    "memorysetup-temp-allocator-size-gfx=262144"
Player connection [23808] Host "[IP] 192.168.0.104 [Port] 0 [Flags] 2 [Guid] 3982397834 [EditorId] 3982397834 [Version] 1048832 [Id] WindowsEditor(7,KAMESAMA) [Debug] 1 [PackageName] WindowsEditor [ProjectName] Editor" joined multi-casting on [225.0.0.222:54997]...

Player connection [23808] Host "[IP] 192.168.0.104 [Port] 0 [Flags] 2 [Guid] 3982397834 [EditorId] 3982397834 [Version] 1048832 [Id] WindowsEditor(7,KAMESAMA) [Debug] 1 [PackageName] WindowsEditor [ProjectName] Editor" joined alternative multi-casting on [225.0.0.222:34997]...

Refreshing native plugins compatible for Editor in 97.65 ms, found 3 plugins.
Preloading 0 native plugins for Editor in 0.00 ms.
Initialize engine version: 2021.3.25f1 (68ef2c4f8861)
[Subsystems] Discovering subsystems at path C:/Program Files/Unity/Hub/Editor/2021.3.25f1/Editor/Data/Resources/UnitySubsystems
[Subsystems] Discovering subsystems at path D:/Unity Projects/3D Fighter Jet/Fighter-Jet-3D/3D Fighter Jet/Assets
GfxDevice: creating device client; threaded=0; jobified=0
Direct3D:
    Version:  Direct3D 11.0 [level 11.1]
    Renderer: NVIDIA GeForce RTX 4070 Laptop GPU (ID=0x2860)
    Vendor:   NVIDIA
    VRAM:     7962 MB
    Driver:   31.0.15.3667
Initialize mono
Mono path[0] = 'C:/Program Files/Unity/Hub/Editor/2021.3.25f1/Editor/Data/Managed'
Mono path[1] = 'C:/Program Files/Unity/Hub/Editor/2021.3.25f1/Editor/Data/MonoBleedingEdge/lib/mono/unityjit-win32'
Mono config path = 'C:/Program Files/Unity/Hub/Editor/2021.3.25f1/Editor/Data/MonoBleedingEdge/etc'
Using monoOptions --debugger-agent=transport=dt_socket,embedding=1,server=y,suspend=n,address=127.0.0.1:56184
Begin MonoManager ReloadAssembly
Registering precompiled unity dll's ...
Register platform support module: C:/Program Files/Unity/Hub/Editor/2021.3.25f1/Editor/Data/PlaybackEngines/AndroidPlayer/UnityEditor.Android.Extensions.dll
Register platform support module: C:/Program Files/Unity/Hub/Editor/2021.3.25f1/Editor/Data/PlaybackEngines/WindowsStandaloneSupport/UnityEditor.WindowsStandalone.Extensions.dll
Registered in 0.005387 seconds.
Native extension for WindowsStandalone target not found
Native extension for Android target not found
Android Extension - Scanning For ADB Devices 213 ms
Refreshing native plugins compatible for Editor in 79.36 ms, found 3 plugins.
Preloading 0 native plugins for Editor in 0.00 ms.
Mono: successfully reloaded assembly
- Completed reload, in  0.674 seconds
Domain Reload Profiling:
	ReloadAssembly (675ms)
		BeginReloadAssembly (91ms)
			ExecutionOrderSort (0ms)
			DisableScriptedObjects (0ms)
			BackupInstance (0ms)
			ReleaseScriptingObjects (0ms)
			CreateAndSetChildDomain (1ms)
		EndReloadAssembly (527ms)
			LoadAssemblies (91ms)
			RebuildTransferFunctionScriptingTraits (0ms)
			SetupTypeCache (60ms)
			ReleaseScriptCaches (0ms)
			RebuildScriptCaches (16ms)
			SetupLoadedEditorAssemblies (418ms)
				LogAssemblyErrors (0ms)
				InitializePlatformSupportModulesInManaged (266ms)
				SetLoadedEditorAssemblies (0ms)
				RefreshPlugins (79ms)
				BeforeProcessingInitializeOnLoad (1ms)
				ProcessInitializeOnLoadAttributes (47ms)
				ProcessInitializeOnLoadMethodAttributes (25ms)
				AfterProcessingInitializeOnLoad (0ms)
				EditorAssembliesLoaded (0ms)
			ExecutionOrderSort2 (0ms)
			AwakeInstancesAfterBackupRestoration (0ms)
Platform modules already initialized, skipping
Registering precompiled user dll's ...
Registered in 0.002802 seconds.
Begin MonoManager ReloadAssembly
Symbol file LoadedFromMemory doesn't match image D:\Unity Projects\3D Fighter Jet\Fighter-Jet-3D\3D Fighter Jet\Library\PackageCache\com.unity.visualscripting@1.8.0\Editor\VisualScripting.Core\Dependencies\YamlDotNet\Unity.VisualScripting.YamlDotNet.dll
Symbol file LoadedFromMemory doesn't match image D:\Unity Projects\3D Fighter Jet\Fighter-Jet-3D\3D Fighter Jet\Library\PackageCache\com.unity.visualscripting@1.8.0\Editor\VisualScripting.Core\Dependencies\DotNetZip\Unity.VisualScripting.IonicZip.dll
Native extension for WindowsStandalone target not found
Native extension for Android target not found
Refreshing native plugins compatible for Editor in 85.37 ms, found 3 plugins.
Preloading 0 native plugins for Editor in 0.00 ms.
Mono: successfully reloaded assembly
- Completed reload, in  0.865 seconds
Domain Reload Profiling:
	ReloadAssembly (865ms)
		BeginReloadAssembly (74ms)
			ExecutionOrderSort (0ms)
			DisableScriptedObjects (3ms)
			BackupInstance (0ms)
			ReleaseScriptingObjects (0ms)
			CreateAndSetChildDomain (12ms)
		EndReloadAssembly (722ms)
			LoadAssemblies (95ms)
			RebuildTransferFunctionScriptingTraits (0ms)
			SetupTypeCache (210ms)
			ReleaseScriptCaches (0ms)
			RebuildScriptCaches (49ms)
			SetupLoadedEditorAssemblies (353ms)
				LogAssemblyErrors (0ms)
				InitializePlatformSupportModulesInManaged (11ms)
				SetLoadedEditorAssemblies (0ms)
				RefreshPlugins (85ms)
				BeforeProcessingInitializeOnLoad (71ms)
				ProcessInitializeOnLoadAttributes (162ms)
				ProcessInitializeOnLoadMethodAttributes (19ms)
				AfterProcessingInitializeOnLoad (5ms)
				EditorAssembliesLoaded (0ms)
			ExecutionOrderSort2 (0ms)
			AwakeInstancesAfterBackupRestoration (4ms)
Platform modules already initialized, skipping
========================================================================
Worker process is ready to serve import requests
Launched and connected shader compiler UnityShaderCompiler.exe after 0.03 seconds
Refreshing native plugins compatible for Editor in 1.12 ms, found 3 plugins.
Preloading 0 native plugins for Editor in 0.00 ms.
Unloading 6279 Unused Serialized files (Serialized files now loaded: 0)
Unloading 144 unused Assets / (12.0 MB). Loaded Objects now: 6640.
Memory consumption went from 302.1 MB to 290.1 MB.
Total: 7.112600 ms (FindLiveObjects: 0.704400 ms CreateObjectMapping: 0.176000 ms MarkObjects: 3.518100 ms  DeleteObjects: 2.712400 ms)

AssetImportParameters requested are different than current active one (requested -> active):
  custom:video-decoder-ogg-theora: a1e56fd34408186e4bbccfd4996cb3dc -> 
  custom:container-muxer-webm: aa71ff27fc2769a1b78a27578f13a17b -> 
  custom:container-demuxer-webm: 4f35f7cbe854078d1ac9338744f61a02 -> 
  custom:video-encoder-webm-vp8: eb34c28f22e8b96e1ab97ce403110664 -> 
  custom:audio-encoder-webm-vorbis: bf7c407c2cedff20999df2af8eb42d56 -> 
  custom:framework-win-MediaFoundation: 216162199b28c13a410421893ffa2e32 -> 
  custom:container-demuxer-ogg: 62fdf1f143b41e24485cea50d1cbac27 -> 
  custom:video-decoder-webm-vp8: 9c59270c3fd7afecdb556c50c9e8de78 -> 
  custom:audio-decoder-ogg-vorbis: bf7c407c2cedff20999df2af8eb42d56 -> 
========================================================================
Received Import Request.
  Time since last request: 8062.030542 seconds.
  path: Assets/TerrainSampleAssets/Textures/Terrain/Black_Sand_BaseColor.tif
  artifactKey: Guid(0b59c495bf285c442b1b799c94a9f8aa) Importer(815301076,1909f56bfc062723c751e8b465ee728b)
Start importing Assets/TerrainSampleAssets/Textures/Terrain/Black_Sand_BaseColor.tif using Guid(0b59c495bf285c442b1b799c94a9f8aa) Importer(815301076,1909f56bfc062723c751e8b465ee728b)  -> (artifact id: '26f59d30808f61205633031e74e4c07d') in 0.067863 seconds 
========================================================================
Received Import Request.
  Time since last request: 4.833797 seconds.
  path: Assets/TerrainSampleAssets/Textures/Terrain/Black_Sand_Normal.tif
  artifactKey: Guid(28a478660ea9d9541b2118c5e95cbb4e) Importer(815301076,1909f56bfc062723c751e8b465ee728b)
Start importing Assets/TerrainSampleAssets/Textures/Terrain/Black_Sand_Normal.tif using Guid(28a478660ea9d9541b2118c5e95cbb4e) Importer(815301076,1909f56bfc062723c751e8b465ee728b)  -> (artifact id: '5c52b6b46c3363613dca1d293a1cf5ba') in 0.023779 seconds 
========================================================================
Received Import Request.
  Time since last request: 71.596422 seconds.
  path: Assets/TerrainSampleAssets/Textures/Terrain/Snow_BaseColor.tif
  artifactKey: Guid(ffa01093856b873448237de84289ee85) Importer(815301076,1909f56bfc062723c751e8b465ee728b)
Start importing Assets/TerrainSampleAssets/Textures/Terrain/Snow_BaseColor.tif using Guid(ffa01093856b873448237de84289ee85) Importer(815301076,1909f56bfc062723c751e8b465ee728b)  -> (artifact id: '586feb5b86fb96c6a2a406c8b146de3e') in 0.019946 seconds 
========================================================================
Received Import Request.
  Time since last request: 3.548276 seconds.
  path: Assets/TerrainSampleAssets/Textures/Terrain/Tidal_Pools_BaseColor.tif
  artifactKey: Guid(65c50b065f264b042a12153fb6454aa5) Importer(815301076,1909f56bfc062723c751e8b465ee728b)
Start importing Assets/TerrainSampleAssets/Textures/Terrain/Tidal_Pools_BaseColor.tif using Guid(65c50b065f264b042a12153fb6454aa5) Importer(815301076,1909f56bfc062723c751e8b465ee728b)  -> (artifact id: '0209715b106da64794d7d1249f527bad') in 0.012541 seconds 
========================================================================
Received Import Request.
  Time since last request: 42.794111 seconds.
  path: Assets/TerrainSampleAssets/Textures/Terrain/Grass_Dry_BaseColor.tif
  artifactKey: Guid(7e6fff2112f33d748962082012d11cce) Importer(815301076,1909f56bfc062723c751e8b465ee728b)
Start importing Assets/TerrainSampleAssets/Textures/Terrain/Grass_Dry_BaseColor.tif using Guid(7e6fff2112f33d748962082012d11cce) Importer(815301076,1909f56bfc062723c751e8b465ee728b)  -> (artifact id: '37a2a4655b6f848510a847a5816ba196') in 0.019123 seconds 
========================================================================
Received Import Request.
  Time since last request: 6.583903 seconds.
  path: Assets/TerrainSampleAssets/Textures/Terrain/Grass_Moss_BaseColor.tif
  artifactKey: Guid(d44cec25420524046b0137655ed7f307) Importer(815301076,1909f56bfc062723c751e8b465ee728b)
Start importing Assets/TerrainSampleAssets/Textures/Terrain/Grass_Moss_BaseColor.tif using Guid(d44cec25420524046b0137655ed7f307) Importer(815301076,1909f56bfc062723c751e8b465ee728b)  -> (artifact id: 'f0a0955c687bcd5ef5eaf4907cbc586d') in 0.017236 seconds 
========================================================================
Received Import Request.
  Time since last request: 18.365886 seconds.
  path: Assets/TerrainSampleAssets/Textures/Terrain/Snow_Normal.tif
  artifactKey: Guid(baca4d94b1d1d8046ab52ce1570a24c7) Importer(815301076,1909f56bfc062723c751e8b465ee728b)
Start importing Assets/TerrainSampleAssets/Textures/Terrain/Snow_Normal.tif using Guid(baca4d94b1d1d8046ab52ce1570a24c7) Importer(815301076,1909f56bfc062723c751e8b465ee728b)  -> (artifact id: '561d07c07b5452c99f40bce17a841e57') in 0.015693 seconds 
========================================================================
Received Import Request.
  Time since last request: 12.736618 seconds.
  path: Assets/TerrainSampleAssets/Textures/Terrain/Grass_Moss_Normal.tif
  artifactKey: Guid(2114e87dbc5872042860b1588217688e) Importer(815301076,1909f56bfc062723c751e8b465ee728b)
Start importing Assets/TerrainSampleAssets/Textures/Terrain/Grass_Moss_Normal.tif using Guid(2114e87dbc5872042860b1588217688e) Importer(815301076,1909f56bfc062723c751e8b465ee728b)  -> (artifact id: '0a4b66d53bf8dd59a9973c2ee203df20') in 0.021769 seconds 
========================================================================
Received Import Request.
  Time since last request: 1934.586530 seconds.
  path: Assets/TerrainSampleAssets/TerrainLayers/Black_Sand_TerrainLayer.terrainlayer
  artifactKey: Guid(ce833e94f7f7eea468b012546444cf0c) Importer(815301076,1909f56bfc062723c751e8b465ee728b)
Start importing Assets/TerrainSampleAssets/TerrainLayers/Black_Sand_TerrainLayer.terrainlayer using Guid(ce833e94f7f7eea468b012546444cf0c) Importer(815301076,1909f56bfc062723c751e8b465ee728b)  -> (artifact id: '0fd650053d3befeee0e99338e546132d') in 0.043492 seconds 
========================================================================
Received Import Request.
  Time since last request: 147.524539 seconds.
  path: Assets/TerrainSampleAssets/TerrainLayers/Grass_Moss_TerrainLayer.terrainlayer
  artifactKey: Guid(d25c8def728088547ae6a1024dd9b481) Importer(815301076,1909f56bfc062723c751e8b465ee728b)
Start importing Assets/TerrainSampleAssets/TerrainLayers/Grass_Moss_TerrainLayer.terrainlayer using Guid(d25c8def728088547ae6a1024dd9b481) Importer(815301076,1909f56bfc062723c751e8b465ee728b)  -> (artifact id: '92d2a0f90c49b4e9ea76bc47d189a437') in 0.014867 seconds 
========================================================================
Received Import Request.
  Time since last request: 38.530662 seconds.
  path: Assets/TerrainSampleAssets/Textures/Heightmaps/Canyon01_Heightmap.tif
  artifactKey: Guid(903360ef543b50449ae74931c4fddc2c) Importer(815301076,1909f56bfc062723c751e8b465ee728b)
Start importing Assets/TerrainSampleAssets/Textures/Heightmaps/Canyon01_Heightmap.tif using Guid(903360ef543b50449ae74931c4fddc2c) Importer(815301076,1909f56bfc062723c751e8b465ee728b)  -> (artifact id: 'ede9712637af1a216abd2f0e974b4e14') in 0.016900 seconds 
========================================================================
Received Import Request.
  Time since last request: 102.426254 seconds.
  path: Assets/TerrainSampleAssets/TerrainBrushes/Terrainstamp_Canyon04_Brush.brush
  artifactKey: Guid(dc670a42db363de40a6e6d9f231404ca) Importer(815301076,1909f56bfc062723c751e8b465ee728b)
Start importing Assets/TerrainSampleAssets/TerrainBrushes/Terrainstamp_Canyon04_Brush.brush using Guid(dc670a42db363de40a6e6d9f231404ca) Importer(815301076,1909f56bfc062723c751e8b465ee728b)  -> (artifact id: '42dcf041fdb88ea68e09584a354336f1') in 0.017022 seconds 
========================================================================
Received Import Request.
  Time since last request: 155.150923 seconds.
  path: Assets/TerrainSampleAssets/Textures/Terrain/Tidal_Pools_Normal.tif
  artifactKey: Guid(28b218fb0e12c994d8f0b586f65545f2) Importer(815301076,1909f56bfc062723c751e8b465ee728b)
Start importing Assets/TerrainSampleAssets/Textures/Terrain/Tidal_Pools_Normal.tif using Guid(28b218fb0e12c994d8f0b586f65545f2) Importer(815301076,1909f56bfc062723c751e8b465ee728b)  -> (artifact id: 'f1283e0e916fbf7843a1a4ff060ecf50') in 0.013941 seconds 
========================================================================
Received Import Request.
  Time since last request: 50.186250 seconds.
  path: Assets/TerrainSampleAssets/Textures/Terrain/Grass_Dry_Normal.tif
  artifactKey: Guid(d835c61db4c94444eabef9cf95e8a7c4) Importer(815301076,1909f56bfc062723c751e8b465ee728b)
Start importing Assets/TerrainSampleAssets/Textures/Terrain/Grass_Dry_Normal.tif using Guid(d835c61db4c94444eabef9cf95e8a7c4) Importer(815301076,1909f56bfc062723c751e8b465ee728b)  -> (artifact id: '5cd0dc4b9b7a1aa2eb7daa2bd57783ed') in 0.035627 seconds 
========================================================================
Received Import Request.
  Time since last request: 71.099832 seconds.
  path: Assets/StarSparrow/Prefabs/BonusContent/Asteroid Lava Blue.prefab
  artifactKey: Guid(f603e71ddc270d54192200e95673e2a6) Importer(815301076,1909f56bfc062723c751e8b465ee728b)
Start importing Assets/StarSparrow/Prefabs/BonusContent/Asteroid Lava Blue.prefab using Guid(f603e71ddc270d54192200e95673e2a6) Importer(815301076,1909f56bfc062723c751e8b465ee728b)  -> (artifact id: 'f74f7d1f62a816a88e993fdf4353d07a') in 0.162830 seconds 
========================================================================
Received Import Request.
  Time since last request: 0.000015 seconds.
  path: Assets/TerrainSampleAssets/Prefabs/Bush_A.prefab
  artifactKey: Guid(0ec1c69bd47ad864f96cc2b516f6cd4b) Importer(815301076,1909f56bfc062723c751e8b465ee728b)
Start importing Assets/TerrainSampleAssets/Prefabs/Bush_A.prefab using Guid(0ec1c69bd47ad864f96cc2b516f6cd4b) Importer(815301076,1909f56bfc062723c751e8b465ee728b)  -> (artifact id: 'f33e0aae2364fff354eda762b15f1455') in 0.380306 seconds 
========================================================================
Received Import Request.
  Time since last request: 0.000024 seconds.
  path: Assets/StarSparrow/Meshes/BonusContent/FlyingInsects3.FBX
  artifactKey: Guid(b2359fd8578c87649ad70d6001527479) Importer(815301076,1909f56bfc062723c751e8b465ee728b)
Start importing Assets/StarSparrow/Meshes/BonusContent/FlyingInsects3.FBX using Guid(b2359fd8578c87649ad70d6001527479) Importer(815301076,1909f56bfc062723c751e8b465ee728b)  -> (artifact id: '3c7c2f0d9314349ea3315a815bed46c5') in 0.093132 seconds 
========================================================================
Received Import Request.
  Time since last request: 0.000039 seconds.
  path: Assets/TerrainSampleAssets/Prefabs/Fern_C.prefab
  artifactKey: Guid(4786e2698ac97a949a9209febfcbd49b) Importer(815301076,1909f56bfc062723c751e8b465ee728b)
Start importing Assets/TerrainSampleAssets/Prefabs/Fern_C.prefab using Guid(4786e2698ac97a949a9209febfcbd49b) Importer(815301076,1909f56bfc062723c751e8b465ee728b)  -> (artifact id: 'a28b32e2962acefbf8f1f241985158eb') in 0.029679 seconds 
========================================================================
Received Import Request.
  Time since last request: 0.000018 seconds.
  path: Assets/StarSparrow/Prefabs/BonusContent/Bomb.prefab
  artifactKey: Guid(54958f8430f04ae4ab653a498c64314c) Importer(815301076,1909f56bfc062723c751e8b465ee728b)
Start importing Assets/StarSparrow/Prefabs/BonusContent/Bomb.prefab using Guid(54958f8430f04ae4ab653a498c64314c) Importer(815301076,1909f56bfc062723c751e8b465ee728b)  -> (artifact id: '09b09c81febbb6c8388a44bea54ba574') in 0.153970 seconds 
========================================================================
Received Import Request.
  Time since last request: 0.000021 seconds.
  path: Assets/StarSparrow/Meshes/BonusContent/FlyingInsects3_Wing4.FBX
  artifactKey: Guid(bb401a4b2f241b54f904ccba8227557f) Importer(815301076,1909f56bfc062723c751e8b465ee728b)
Start importing Assets/StarSparrow/Meshes/BonusContent/FlyingInsects3_Wing4.FBX using Guid(bb401a4b2f241b54f904ccba8227557f) Importer(815301076,1909f56bfc062723c751e8b465ee728b)  -> (artifact id: 'f963470293d67004526143e5ca30c4ea') in 0.015574 seconds 
========================================================================
Received Import Request.
  Time since last request: 0.000022 seconds.
  path: Assets/StarSparrow/Meshes/BonusContent/FlyingInsects3_Wing3.FBX
  artifactKey: Guid(b194a334c875d914aa66569a0a81be6c) Importer(815301076,1909f56bfc062723c751e8b465ee728b)
Start importing Assets/StarSparrow/Meshes/BonusContent/FlyingInsects3_Wing3.FBX using Guid(b194a334c875d914aa66569a0a81be6c) Importer(815301076,1909f56bfc062723c751e8b465ee728b)  -> (artifact id: 'b8b9557e077f504f90f78cba47b55168') in 0.015164 seconds 
========================================================================
Received Import Request.
  Time since last request: 0.000025 seconds.
  path: Assets/TerrainSampleAssets/Prefabs/BushDry_B.prefab
  artifactKey: Guid(054bf5cf244ff2e4083cbf8eca205cf0) Importer(815301076,1909f56bfc062723c751e8b465ee728b)
Start importing Assets/TerrainSampleAssets/Prefabs/BushDry_B.prefab using Guid(054bf5cf244ff2e4083cbf8eca205cf0) Importer(815301076,1909f56bfc062723c751e8b465ee728b)  -> (artifact id: '9ae8a7b62b11c9f01c5a7dbf281174cc') in 0.027957 seconds 
========================================================================
Received Import Request.
  Time since last request: 0.000032 seconds.
  path: Assets/StarSparrow/Meshes/BonusContent/FlyingInsects3_Wing1.FBX
  artifactKey: Guid(c121b1640d073a14382ea0f68499c85e) Importer(815301076,1909f56bfc062723c751e8b465ee728b)
Start importing Assets/StarSparrow/Meshes/BonusContent/FlyingInsects3_Wing1.FBX using Guid(c121b1640d073a14382ea0f68499c85e) Importer(815301076,1909f56bfc062723c751e8b465ee728b)  -> (artifact id: 'fcc09f7e6537fb47e02a2d29a143d92d') in 0.016714 seconds 
========================================================================
Received Import Request.
  Time since last request: 0.304535 seconds.
  path: Assets/TerrainSampleAssets/Prefabs/Grass_A.prefab
  artifactKey: Guid(4e6885e0d11bd224fa27617a4657c329) Importer(815301076,1909f56bfc062723c751e8b465ee728b)
Start importing Assets/TerrainSampleAssets/Prefabs/Grass_A.prefab using Guid(4e6885e0d11bd224fa27617a4657c329) Importer(815301076,1909f56bfc062723c751e8b465ee728b)  -> (artifact id: '16d693d629682d70ab9ea9ba0eb6d371') in 0.026410 seconds 
========================================================================
Received Import Request.
  Time since last request: 0.000016 seconds.
  path: Assets/TerrainSampleAssets/Prefabs/Grass_D.prefab
  artifactKey: Guid(4dfd50a1f648e984f8188be70774f281) Importer(815301076,1909f56bfc062723c751e8b465ee728b)
Start importing Assets/TerrainSampleAssets/Prefabs/Grass_D.prefab using Guid(4dfd50a1f648e984f8188be70774f281) Importer(815301076,1909f56bfc062723c751e8b465ee728b)  -> (artifact id: '2b7e69025bc5ca7e0ae54c3305aecf4f') in 0.030741 seconds 
========================================================================
Received Import Request.
  Time since last request: 0.000021 seconds.
  path: Assets/TerrainSampleAssets/Prefabs/GrassDry_A.prefab
  artifactKey: Guid(9e8508e3025d9c844810b83c5607c09e) Importer(815301076,1909f56bfc062723c751e8b465ee728b)
Start importing Assets/TerrainSampleAssets/Prefabs/GrassDry_A.prefab using Guid(9e8508e3025d9c844810b83c5607c09e) Importer(815301076,1909f56bfc062723c751e8b465ee728b)  -> (artifact id: 'c76130dac0cd9ccfc93941ddb9d4d9cf') in 0.025867 seconds 
========================================================================
Received Import Request.
  Time since last request: 0.000027 seconds.
  path: Assets/TerrainSampleAssets/Prefabs/GrassDry_C.prefab
  artifactKey: Guid(8aa8def6286fc784ba128570ec475974) Importer(815301076,1909f56bfc062723c751e8b465ee728b)
Start importing Assets/TerrainSampleAssets/Prefabs/GrassDry_C.prefab using Guid(8aa8def6286fc784ba128570ec475974) Importer(815301076,1909f56bfc062723c751e8b465ee728b)  -> (artifact id: 'be7e3872bf7983830a26475cddb6bdd8') in 0.028720 seconds 
========================================================================
Received Import Request.
  Time since last request: 0.225671 seconds.
  path: Assets/TerrainSampleAssets/Prefabs/Heather_B.prefab
  artifactKey: Guid(dd902ff2a6f685041be127af00c09664) Importer(815301076,1909f56bfc062723c751e8b465ee728b)
Start importing Assets/TerrainSampleAssets/Prefabs/Heather_B.prefab using Guid(dd902ff2a6f685041be127af00c09664) Importer(815301076,1909f56bfc062723c751e8b465ee728b)  -> (artifact id: 'ca0b4d36df779bd5ead3902a857114bb') in 0.021372 seconds 
========================================================================
Received Import Request.
  Time since last request: 0.023547 seconds.
  path: Assets/StarSparrow/Prefabs/BonusContent/Mine Sample 2.prefab
  artifactKey: Guid(fa8aadfb07ca2034188c69c6f2ab4624) Importer(815301076,1909f56bfc062723c751e8b465ee728b)
Start importing Assets/StarSparrow/Prefabs/BonusContent/Mine Sample 2.prefab using Guid(fa8aadfb07ca2034188c69c6f2ab4624) Importer(815301076,1909f56bfc062723c751e8b465ee728b)  -> (artifact id: '6bea4d39343da48fe059fc53738c3800') in 0.017521 seconds 
========================================================================
Received Import Request.
  Time since last request: 0.000017 seconds.
  path: Assets/StarSparrow/Meshes/BonusContent/MissilesSample.FBX
  artifactKey: Guid(afbbf42a35d3ca347aea29a1457035cc) Importer(815301076,1909f56bfc062723c751e8b465ee728b)
Start importing Assets/StarSparrow/Meshes/BonusContent/MissilesSample.FBX using Guid(afbbf42a35d3ca347aea29a1457035cc) Importer(815301076,1909f56bfc062723c751e8b465ee728b)  -> (artifact id: 'dbf8c3c1e08cc3aee2725f74750b5f24') in 0.024231 seconds 
========================================================================
Received Import Request.
  Time since last request: 0.000020 seconds.
  path: Assets/StarSparrow/Prefabs/BonusContent/Missile.prefab
  artifactKey: Guid(8b227e0429c621940acb9e2e8d18d12f) Importer(815301076,1909f56bfc062723c751e8b465ee728b)
Start importing Assets/StarSparrow/Prefabs/BonusContent/Missile.prefab using Guid(8b227e0429c621940acb9e2e8d18d12f) Importer(815301076,1909f56bfc062723c751e8b465ee728b)  -> (artifact id: '6f07904ec7d9a1a3ccd56b04a9637dcf') in 0.019258 seconds 
========================================================================
Received Import Request.
  Time since last request: 0.000022 seconds.
  path: Assets/StarSparrow/Meshes/BonusContent/Planet.FBX
  artifactKey: Guid(614d5d16c663aaf4e8a724ee026d8cf0) Importer(815301076,1909f56bfc062723c751e8b465ee728b)
Start importing Assets/StarSparrow/Meshes/BonusContent/Planet.FBX using Guid(614d5d16c663aaf4e8a724ee026d8cf0) Importer(815301076,1909f56bfc062723c751e8b465ee728b)  -> (artifact id: 'baae3cc3492e30640777bc20e510a7d1') in 0.014985 seconds 
========================================================================
Received Import Request.
  Time since last request: 0.000024 seconds.
  path: Assets/TerrainSampleAssets/Prefabs/Plant_B.prefab
  artifactKey: Guid(0a701dc0b49cb264c88918e012866821) Importer(815301076,1909f56bfc062723c751e8b465ee728b)
Start importing Assets/TerrainSampleAssets/Prefabs/Plant_B.prefab using Guid(0a701dc0b49cb264c88918e012866821) Importer(815301076,1909f56bfc062723c751e8b465ee728b)  -> (artifact id: '02292c65d2207e5cc236e5a7ab79351c') in 0.028401 seconds 
========================================================================
Received Import Request.
  Time since last request: 0.269673 seconds.
  path: Assets/TerrainSampleAssets/Prefabs/Plant_D.prefab
  artifactKey: Guid(8569bec78272c564ab74ca5b8a4762f1) Importer(815301076,1909f56bfc062723c751e8b465ee728b)
Start importing Assets/TerrainSampleAssets/Prefabs/Plant_D.prefab using Guid(8569bec78272c564ab74ca5b8a4762f1) Importer(815301076,1909f56bfc062723c751e8b465ee728b)  -> (artifact id: 'c27b496da3441ff22314c08d1489b686') in 0.022798 seconds 
========================================================================
Received Import Request.
  Time since last request: 0.000022 seconds.
  path: Assets/StarSparrow/Prefabs/Modular Examples/StarSparrow1.prefab
  artifactKey: Guid(81ddaef9d4697d84ba75e74a69f45a43) Importer(815301076,1909f56bfc062723c751e8b465ee728b)
Start importing Assets/StarSparrow/Prefabs/Modular Examples/StarSparrow1.prefab using Guid(81ddaef9d4697d84ba75e74a69f45a43) Importer(815301076,1909f56bfc062723c751e8b465ee728b)  -> (artifact id: '5d95a91cf48d25a2eb641b882bcd49ec') in 0.070436 seconds 
========================================================================
Received Import Request.
  Time since last request: 0.000024 seconds.
  path: Assets/StarSparrow/Prefabs/Examples/StarSparrow3.prefab
  artifactKey: Guid(38e280d5f087064468eb33afa854b684) Importer(815301076,1909f56bfc062723c751e8b465ee728b)
Start importing Assets/StarSparrow/Prefabs/Examples/StarSparrow3.prefab using Guid(38e280d5f087064468eb33afa854b684) Importer(815301076,1909f56bfc062723c751e8b465ee728b)  -> (artifact id: 'd5afcbd6602c22bcf19f51bf1c7312e2') in 0.032282 seconds 
========================================================================
Received Import Request.
  Time since last request: 0.000028 seconds.
  path: Assets/StarSparrow/Meshes/StarSparrow3.fbx
  artifactKey: Guid(7cf5e32f91da4484bad8c578e9284baa) Importer(815301076,1909f56bfc062723c751e8b465ee728b)
Start importing Assets/StarSparrow/Meshes/StarSparrow3.fbx using Guid(7cf5e32f91da4484bad8c578e9284baa) Importer(815301076,1909f56bfc062723c751e8b465ee728b)  -> (artifact id: '7d2e8e9bb11b45a33d6c49323b573a45') in 0.015855 seconds 
========================================================================
Received Import Request.
  Time since last request: 0.000037 seconds.
  path: Assets/StarSparrow/Meshes/StarSparrow2.fbx
  artifactKey: Guid(4ef7ba07d9e53204ca8f201db5c71a6d) Importer(815301076,1909f56bfc062723c751e8b465ee728b)
Start importing Assets/StarSparrow/Meshes/StarSparrow2.fbx using Guid(4ef7ba07d9e53204ca8f201db5c71a6d) Importer(815301076,1909f56bfc062723c751e8b465ee728b)  -> (artifact id: '17ae292391db682657d54efbdc2db27e') in 0.018079 seconds 
========================================================================
Received Import Request.
  Time since last request: 0.000023 seconds.
  path: Assets/StarSparrow/Prefabs/Examples/StarSparrow4.prefab
  artifactKey: Guid(d1ff16837863c9f4c8b78a5697ebf086) Importer(815301076,1909f56bfc062723c751e8b465ee728b)
Start importing Assets/StarSparrow/Prefabs/Examples/StarSparrow4.prefab using Guid(d1ff16837863c9f4c8b78a5697ebf086) Importer(815301076,1909f56bfc062723c751e8b465ee728b)  -> (artifact id: '54fb8c0047882a7deed7e55a65dc6524') in 0.022435 seconds 
========================================================================
Received Import Request.
  Time since last request: 0.160631 seconds.
  path: Assets/StarSparrow/Prefabs/Modular Examples/StarSparrow4.prefab
  artifactKey: Guid(10f2c891d45bbe9448550442e7192ac8) Importer(815301076,1909f56bfc062723c751e8b465ee728b)
Start importing Assets/StarSparrow/Prefabs/Modular Examples/StarSparrow4.prefab using Guid(10f2c891d45bbe9448550442e7192ac8) Importer(815301076,1909f56bfc062723c751e8b465ee728b)  -> (artifact id: '116db269bc7e26a801ef163159fd0198') in 0.023072 seconds 
========================================================================
Received Import Request.
  Time since last request: 0.000025 seconds.
  path: Assets/StarSparrow/Prefabs/Modular Examples/StarSparrow5.prefab
  artifactKey: Guid(49d0b2e8d6cdd16458fc0be42a40d88b) Importer(815301076,1909f56bfc062723c751e8b465ee728b)
Start importing Assets/StarSparrow/Prefabs/Modular Examples/StarSparrow5.prefab using Guid(49d0b2e8d6cdd16458fc0be42a40d88b) Importer(815301076,1909f56bfc062723c751e8b465ee728b)  -> (artifact id: '2358b112d907de7886990f1a793094df') in 0.027693 seconds 
========================================================================
Received Import Request.
  Time since last request: 0.003954 seconds.
  path: Assets/StarSparrow/Meshes/StarSparrow6.fbx
  artifactKey: Guid(c5ec2d9df8a2468478fd408cef27f3ff) Importer(815301076,1909f56bfc062723c751e8b465ee728b)
Start importing Assets/StarSparrow/Meshes/StarSparrow6.fbx using Guid(c5ec2d9df8a2468478fd408cef27f3ff) Importer(815301076,1909f56bfc062723c751e8b465ee728b)  -> (artifact id: '8818dd3f22d213dcaeb5a7b7aa45c314') in 0.032447 seconds 
========================================================================
Received Import Request.
  Time since last request: 0.000017 seconds.
  path: Assets/StarSparrow/Prefabs/Modular Examples/StarSparrow7.prefab
  artifactKey: Guid(65767d57c890045419482f2fc465c2ae) Importer(815301076,1909f56bfc062723c751e8b465ee728b)
Start importing Assets/StarSparrow/Prefabs/Modular Examples/StarSparrow7.prefab using Guid(65767d57c890045419482f2fc465c2ae) Importer(815301076,1909f56bfc062723c751e8b465ee728b)  -> (artifact id: '94c90f0a3432d13fdf427db39c1da1ef') in 0.044570 seconds 
========================================================================
Received Import Request.
  Time since last request: 0.000032 seconds.
  path: Assets/StarSparrow/Meshes/StarSparrow7.fbx
  artifactKey: Guid(239331ff1e1da304292c572871d017c4) Importer(815301076,1909f56bfc062723c751e8b465ee728b)
Start importing Assets/StarSparrow/Meshes/StarSparrow7.fbx using Guid(239331ff1e1da304292c572871d017c4) Importer(815301076,1909f56bfc062723c751e8b465ee728b)  -> (artifact id: 'a0dd8f2dc8f093ed61c2823bd227ac79') in 0.016960 seconds 
========================================================================
Received Import Request.
  Time since last request: 0.000019 seconds.
  path: Assets/StarSparrow/Prefabs/Modular Examples/StarSparrow6.prefab
  artifactKey: Guid(26d8a77ffa920e842bd70c85631a743c) Importer(815301076,1909f56bfc062723c751e8b465ee728b)
Start importing Assets/StarSparrow/Prefabs/Modular Examples/StarSparrow6.prefab using Guid(26d8a77ffa920e842bd70c85631a743c) Importer(815301076,1909f56bfc062723c751e8b465ee728b)  -> (artifact id: '2a4da00aabd05f55ee69616c4ce3d14f') in 0.022491 seconds 
========================================================================
Received Import Request.
  Time since last request: 0.102020 seconds.
  path: Assets/StarSparrow/Meshes/StarSparrow8.fbx
  artifactKey: Guid(28b1d9ddb5f2e054f9a6863d6edce326) Importer(815301076,1909f56bfc062723c751e8b465ee728b)
Start importing Assets/StarSparrow/Meshes/StarSparrow8.fbx using Guid(28b1d9ddb5f2e054f9a6863d6edce326) Importer(815301076,1909f56bfc062723c751e8b465ee728b)  -> (artifact id: '055da01ab760b7537128d3ec7312e649') in 0.016717 seconds 
========================================================================
Received Import Request.
  Time since last request: 0.000019 seconds.
  path: Assets/StarSparrow/Prefabs/Examples/StarSparrow9.prefab
  artifactKey: Guid(2906865e96aebb648ba3cad8dba23340) Importer(815301076,1909f56bfc062723c751e8b465ee728b)
Start importing Assets/StarSparrow/Prefabs/Examples/StarSparrow9.prefab using Guid(2906865e96aebb648ba3cad8dba23340) Importer(815301076,1909f56bfc062723c751e8b465ee728b)  -> (artifact id: '7cadcd8213e9a2bd9dd0cc147074bccc') in 0.024412 seconds 
========================================================================
Received Import Request.
  Time since last request: 0.006600 seconds.
  path: Assets/StarSparrow/Prefabs/Modular Examples/StarSparrow10.prefab
  artifactKey: Guid(38a27599d83c553428c95896320274d0) Importer(815301076,1909f56bfc062723c751e8b465ee728b)
Start importing Assets/StarSparrow/Prefabs/Modular Examples/StarSparrow10.prefab using Guid(38a27599d83c553428c95896320274d0) Importer(815301076,1909f56bfc062723c751e8b465ee728b)  -> (artifact id: 'ff093e8f6d163cc3edaa788c56c7c2b4') in 0.036978 seconds 
========================================================================
Received Import Request.
  Time since last request: 0.000019 seconds.
  path: Assets/StarSparrow/Meshes/StarSparrow10.fbx
  artifactKey: Guid(e84db841a9a98e444bd4466e423506d2) Importer(815301076,1909f56bfc062723c751e8b465ee728b)
Start importing Assets/StarSparrow/Meshes/StarSparrow10.fbx using Guid(e84db841a9a98e444bd4466e423506d2) Importer(815301076,1909f56bfc062723c751e8b465ee728b)  -> (artifact id: '363b453faf411e3d92e9e32d34e07d34') in 0.015999 seconds 
========================================================================
Received Import Request.
  Time since last request: 0.000034 seconds.
  path: Assets/StarSparrow/Meshes/StarSparrow11.fbx
  artifactKey: Guid(f7af603aac7d7734dafa2b05c8b7fa60) Importer(815301076,1909f56bfc062723c751e8b465ee728b)
Start importing Assets/StarSparrow/Meshes/StarSparrow11.fbx using Guid(f7af603aac7d7734dafa2b05c8b7fa60) Importer(815301076,1909f56bfc062723c751e8b465ee728b)  -> (artifact id: '9e2ae5222772e4f04015b7dcc1e5e7ab') in 0.017008 seconds 
========================================================================
Received Import Request.
  Time since last request: 0.000020 seconds.
  path: Assets/StarSparrow/Prefabs/Modular Examples/StarSparrow11.prefab
  artifactKey: Guid(44679d6f1b5be9449bc770e7f6c03970) Importer(815301076,1909f56bfc062723c751e8b465ee728b)
Start importing Assets/StarSparrow/Prefabs/Modular Examples/StarSparrow11.prefab using Guid(44679d6f1b5be9449bc770e7f6c03970) Importer(815301076,1909f56bfc062723c751e8b465ee728b)  -> (artifact id: 'ffa5d943aa2ce8ae6114817b0c3c0555') in 0.024792 seconds 
========================================================================
Received Import Request.
  Time since last request: 0.000031 seconds.
  path: Assets/StarSparrow/Prefabs/Examples/StarSparrow12.prefab
  artifactKey: Guid(19bc9763fa1de3a46b9e632135faf962) Importer(815301076,1909f56bfc062723c751e8b465ee728b)
Start importing Assets/StarSparrow/Prefabs/Examples/StarSparrow12.prefab using Guid(19bc9763fa1de3a46b9e632135faf962) Importer(815301076,1909f56bfc062723c751e8b465ee728b)  -> (artifact id: 'ca98d035b75738870f58dd38a4127490') in 0.022237 seconds 
========================================================================
Received Import Request.
  Time since last request: 0.060513 seconds.
  path: Assets/StarSparrow/Meshes/StarSparrow12.fbx
  artifactKey: Guid(7d4e1f607021ce54f9e28a86719cd89f) Importer(815301076,1909f56bfc062723c751e8b465ee728b)
Start importing Assets/StarSparrow/Meshes/StarSparrow12.fbx using Guid(7d4e1f607021ce54f9e28a86719cd89f) Importer(815301076,1909f56bfc062723c751e8b465ee728b)  -> (artifact id: 'b250263b5aa44af68fe19241f5901221') in 0.014164 seconds 
========================================================================
Received Import Request.
  Time since last request: 0.033119 seconds.
  path: Assets/StarSparrow/Prefabs/Modular Examples/StarSparrow13.prefab
  artifactKey: Guid(704ae8c099e4b6a4ea1b5bd83d020432) Importer(815301076,1909f56bfc062723c751e8b465ee728b)
Start importing Assets/StarSparrow/Prefabs/Modular Examples/StarSparrow13.prefab using Guid(704ae8c099e4b6a4ea1b5bd83d020432) Importer(815301076,1909f56bfc062723c751e8b465ee728b)  -> (artifact id: '60fe3c4796308ae18102dc1ebe020f77') in 0.017616 seconds 
========================================================================
Received Import Request.
  Time since last request: 0.000020 seconds.
  path: Assets/StarSparrow/Prefabs/Modular Examples/StarSparrow14.prefab
  artifactKey: Guid(749452084411d1649a3af42bf49caaa5) Importer(815301076,1909f56bfc062723c751e8b465ee728b)
Start importing Assets/StarSparrow/Prefabs/Modular Examples/StarSparrow14.prefab using Guid(749452084411d1649a3af42bf49caaa5) Importer(815301076,1909f56bfc062723c751e8b465ee728b)  -> (artifact id: '8863a4bfa34ff0302ef5ea8bb69a0865') in 0.024593 seconds 
========================================================================
Received Import Request.
  Time since last request: 0.002885 seconds.
  path: Assets/StarSparrow/Prefabs/Examples/StarSparrow15.prefab
  artifactKey: Guid(8b76e784a0aed8245b1f78c3f71461ba) Importer(815301076,1909f56bfc062723c751e8b465ee728b)
Start importing Assets/StarSparrow/Prefabs/Examples/StarSparrow15.prefab using Guid(8b76e784a0aed8245b1f78c3f71461ba) Importer(815301076,1909f56bfc062723c751e8b465ee728b)  -> (artifact id: '2bbca2baf97cdd485690258168b6df4b') in 0.021586 seconds 
========================================================================
Received Import Request.
  Time since last request: 0.000016 seconds.
  path: Assets/StarSparrow/Prefabs/Examples/StarSparrow14.prefab
  artifactKey: Guid(ac02b746f53c1d9469d0fc7ce156481e) Importer(815301076,1909f56bfc062723c751e8b465ee728b)
Start importing Assets/StarSparrow/Prefabs/Examples/StarSparrow14.prefab using Guid(ac02b746f53c1d9469d0fc7ce156481e) Importer(815301076,1909f56bfc062723c751e8b465ee728b)  -> (artifact id: 'd55855dcf02ac24cdb1d38f6e0a620ff') in 0.021994 seconds 
========================================================================
Received Import Request.
  Time since last request: 0.091644 seconds.
  path: Assets/StarSparrow/Meshes/StarSparrow16.fbx
  artifactKey: Guid(a5e45ca0be0ed5b4c8836342319e2533) Importer(815301076,1909f56bfc062723c751e8b465ee728b)
Start importing Assets/StarSparrow/Meshes/StarSparrow16.fbx using Guid(a5e45ca0be0ed5b4c8836342319e2533) Importer(815301076,1909f56bfc062723c751e8b465ee728b)  -> (artifact id: '4350e31310530d4cc1c21156070d9650') in 0.019132 seconds 
========================================================================
Received Import Request.
  Time since last request: 0.000017 seconds.
  path: Assets/StarSparrow/Prefabs/Modular Examples/StarSparrow16.prefab
  artifactKey: Guid(5a2100a36f73c5d4d8acbe474f591caf) Importer(815301076,1909f56bfc062723c751e8b465ee728b)
Start importing Assets/StarSparrow/Prefabs/Modular Examples/StarSparrow16.prefab using Guid(5a2100a36f73c5d4d8acbe474f591caf) Importer(815301076,1909f56bfc062723c751e8b465ee728b)  -> (artifact id: 'cdf7bd8886e0980cb62214eb1939da15') in 0.020977 seconds 
========================================================================
Received Import Request.
  Time since last request: 0.000023 seconds.
  path: Assets/StarSparrow/Prefabs/Examples/StarSparrow18.prefab
  artifactKey: Guid(ae16fa6df5cf47c4982cb9a872c4fa7d) Importer(815301076,1909f56bfc062723c751e8b465ee728b)
Start importing Assets/StarSparrow/Prefabs/Examples/StarSparrow18.prefab using Guid(ae16fa6df5cf47c4982cb9a872c4fa7d) Importer(815301076,1909f56bfc062723c751e8b465ee728b)  -> (artifact id: '65e6a7d9e125e3a00f9bbbb9088cadca') in 0.023362 seconds 
========================================================================
Received Import Request.
  Time since last request: 0.000023 seconds.
  path: Assets/StarSparrow/Meshes/StarSparrow18.fbx
  artifactKey: Guid(d2da5c2e05457aa458d3c8c124ead304) Importer(815301076,1909f56bfc062723c751e8b465ee728b)
Start importing Assets/StarSparrow/Meshes/StarSparrow18.fbx using Guid(d2da5c2e05457aa458d3c8c124ead304) Importer(815301076,1909f56bfc062723c751e8b465ee728b)  -> (artifact id: 'af54d475ccaa66622633f4718bfee17a') in 0.017159 seconds 
========================================================================
Received Import Request.
  Time since last request: 0.000023 seconds.
  path: Assets/StarSparrow/Prefabs/Modular Examples/StarSparrow18.prefab
  artifactKey: Guid(0a017732180c9414095a79d47672e644) Importer(815301076,1909f56bfc062723c751e8b465ee728b)
Start importing Assets/StarSparrow/Prefabs/Modular Examples/StarSparrow18.prefab using Guid(0a017732180c9414095a79d47672e644) Importer(815301076,1909f56bfc062723c751e8b465ee728b)  -> (artifact id: 'e70bac737a41efa78b3058e37c68c776') in 0.021001 seconds 
========================================================================
Received Import Request.
  Time since last request: 0.100066 seconds.
  path: Assets/StarSparrow/Prefabs/Examples/StarSparrow19.prefab
  artifactKey: Guid(fa43056480667f241aecfe7f65a3b0dd) Importer(815301076,1909f56bfc062723c751e8b465ee728b)
Start importing Assets/StarSparrow/Prefabs/Examples/StarSparrow19.prefab using Guid(fa43056480667f241aecfe7f65a3b0dd) Importer(815301076,1909f56bfc062723c751e8b465ee728b)  -> (artifact id: 'de3f7660e3f1e02de1e25fc45245f3e2') in 0.019515 seconds 
========================================================================
Received Import Request.
  Time since last request: 0.000031 seconds.
  path: Assets/StarSparrow/Meshes/StarSparrow20.fbx
  artifactKey: Guid(10627c7163ed56446b94cf6ba5a8ad88) Importer(815301076,1909f56bfc062723c751e8b465ee728b)
Start importing Assets/StarSparrow/Meshes/StarSparrow20.fbx using Guid(10627c7163ed56446b94cf6ba5a8ad88) Importer(815301076,1909f56bfc062723c751e8b465ee728b)  -> (artifact id: 'e05a3773363ad0dc685efd2d1e2280fc') in 0.019677 seconds 
========================================================================
Received Import Request.
  Time since last request: 0.000029 seconds.
  path: Assets/StarSparrow/Prefabs/Modular Examples/StarSparrow20.prefab
  artifactKey: Guid(4397fa15d9ac049419fab164831c110e) Importer(815301076,1909f56bfc062723c751e8b465ee728b)
Start importing Assets/StarSparrow/Prefabs/Modular Examples/StarSparrow20.prefab using Guid(4397fa15d9ac049419fab164831c110e) Importer(815301076,1909f56bfc062723c751e8b465ee728b)  -> (artifact id: '2b3b0676a9b4117d968c5c6e3f100dcd') in 0.025850 seconds 
========================================================================
Received Import Request.
  Time since last request: 0.000043 seconds.
  path: Assets/StarSparrow/Meshes/BonusContent/StarSparrow_1_LP_Red.fbx
  artifactKey: Guid(23908a99b9ed72b4480176cae54d422d) Importer(815301076,1909f56bfc062723c751e8b465ee728b)
Start importing Assets/StarSparrow/Meshes/BonusContent/StarSparrow_1_LP_Red.fbx using Guid(23908a99b9ed72b4480176cae54d422d) Importer(815301076,1909f56bfc062723c751e8b465ee728b)  -> (artifact id: 'e0207d4d8c306454d4a5e236dce20e13') in 0.015719 seconds 
========================================================================
Received Import Request.
  Time since last request: 0.106334 seconds.
  path: Assets/StarSparrow/Prefabs/Modules/StarSparrow_Core.prefab
  artifactKey: Guid(af02f4c9657b3244d8afdbb272e74d19) Importer(815301076,1909f56bfc062723c751e8b465ee728b)
Start importing Assets/StarSparrow/Prefabs/Modules/StarSparrow_Core.prefab using Guid(af02f4c9657b3244d8afdbb272e74d19) Importer(815301076,1909f56bfc062723c751e8b465ee728b)  -> (artifact id: '03aa524d10274d6eeb9d74b8a5183b2e') in 0.023557 seconds 
========================================================================
Received Import Request.
  Time since last request: 0.041712 seconds.
  path: Assets/StarSparrow/Prefabs/Modules/StarSparrow_Engine.prefab
  artifactKey: Guid(65d8e34378667a14ea9539c5dc34457b) Importer(815301076,1909f56bfc062723c751e8b465ee728b)
Start importing Assets/StarSparrow/Prefabs/Modules/StarSparrow_Engine.prefab using Guid(65d8e34378667a14ea9539c5dc34457b) Importer(815301076,1909f56bfc062723c751e8b465ee728b)  -> (artifact id: '29799b241304a9dad4df3f8eb7452fea') in 0.031488 seconds 
========================================================================
Received Import Request.
  Time since last request: 0.209760 seconds.
  path: Assets/StarSparrow/Prefabs/Modules/StarSparrow_Plasma.prefab
  artifactKey: Guid(1c3973db67bc50449bfac34c2093ea4f) Importer(815301076,1909f56bfc062723c751e8b465ee728b)
Start importing Assets/StarSparrow/Prefabs/Modules/StarSparrow_Plasma.prefab using Guid(1c3973db67bc50449bfac34c2093ea4f) Importer(815301076,1909f56bfc062723c751e8b465ee728b)  -> (artifact id: 'f9fd723c8be89805ab980881da0a91c9') in 0.039007 seconds 
========================================================================
Received Import Request.
  Time since last request: 0.069275 seconds.
  path: Assets/StarSparrow/Prefabs/BonusContent/PolygonSpaceship/StarSparrow_Weapon_LP_Red.prefab
  artifactKey: Guid(bb0dcfc33256099499beab1781b0d40a) Importer(815301076,1909f56bfc062723c751e8b465ee728b)
Start importing Assets/StarSparrow/Prefabs/BonusContent/PolygonSpaceship/StarSparrow_Weapon_LP_Red.prefab using Guid(bb0dcfc33256099499beab1781b0d40a) Importer(815301076,1909f56bfc062723c751e8b465ee728b)  -> (artifact id: 'aa3adaef81c35f705451482eb628da00') in 0.027361 seconds 
========================================================================
Received Import Request.
  Time since last request: 0.000051 seconds.
  path: Assets/StarSparrow/Prefabs/Modules/StarSparrow_Wing.prefab
  artifactKey: Guid(68648d1973e7d9e4283b2d0b7eb3e539) Importer(815301076,1909f56bfc062723c751e8b465ee728b)
Start importing Assets/StarSparrow/Prefabs/Modules/StarSparrow_Wing.prefab using Guid(68648d1973e7d9e4283b2d0b7eb3e539) Importer(815301076,1909f56bfc062723c751e8b465ee728b)  -> (artifact id: 'c419c0288cb12684f3da92a7255952ca') in 0.046191 seconds 
========================================================================
Received Import Request.
  Time since last request: 0.139713 seconds.
  path: Assets/StarSparrow/Prefabs/BonusContent/PolygonSpaceship/StarSparrow_Wing_3_LP_Red.prefab
  artifactKey: Guid(d020278fb783dd043828dd2b012bf982) Importer(815301076,1909f56bfc062723c751e8b465ee728b)
Start importing Assets/StarSparrow/Prefabs/BonusContent/PolygonSpaceship/StarSparrow_Wing_3_LP_Red.prefab using Guid(d020278fb783dd043828dd2b012bf982) Importer(815301076,1909f56bfc062723c751e8b465ee728b)  -> (artifact id: '58fe4d84f988074711c1b3c18a89a84d') in 0.023753 seconds 
Editor requested this worker to shutdown with reason: Scaling down because of idle timeout
AssetImportWorker is now disconnected from the server
Process exiting
Exiting without the bug reporter. Application will terminate with return code 0